#
# A fatal error has been detected by the Java Runtime Environment:
#
#  EXCEPTION_ACCESS_VIOLATION (0xc0000005) at pc=0x00000000761c6be2, pid=7220, tid=0x0000000000002954
#
# JRE version: OpenJDK Runtime Environment (8.0_292-b10) (build 1.8.0_292-b10)
# Java VM: OpenJDK 64-Bit Server VM (25.292-b10 mixed mode windows-amd64 compressed oops)
# Problematic frame:
# V  [jvm.dll+0x56be2]
#
# Failed to write core dump. Minidumps are not enabled by default on client versions of Windows
#
# If you would like to submit a bug report, please visit:
#   https://github.com/corretto/corretto-8/issues/
#

---------------  T H R E A D  ---------------

Current thread (0x0000020c99c16000):  JavaThread "http-nio-8012-exec-10" daemon [_thread_in_vm, id=10580, stack(0x000000daa1a00000,0x000000daa1b00000)]

siginfo: ExceptionCode=0xc0000005, reading address 0x0000000000000080

Registers:
RAX=0x0000020cfc3ae580, RBX=0x0000000000000080, RCX=0x0000020cfc3a5390, RDX=0x0000000000002350
RSP=0x000000daa1afba90, RBP=0x00000000b35e049f, RSI=0x000000daa1afbb90, RDI=0x0000000000000007
R8 =0x0000020c965c502d, R9 =0x000000000000000b, R10=0x81010100fefefef8, R11=0x0000020c999c1518
R12=0x000000000000007b, R13=0x0000020cfc3a5390, R14=0x000000000000000b, R15=0x0000020c965c502d
RIP=0x00000000761c6be2, EFLAGS=0x0000000000010202

Top of Stack: (sp=0x000000daa1afba90)
0x000000daa1afba90:   0000020c99c16000 0000000076244ac1
0x000000daa1afbaa0:   00005b3d1b4cc9cd 000000007628c7d3
0x000000daa1afbab0:   000000daa1afc2a0 0000020c965c502d
0x000000daa1afbac0:   000000000000007b 00000000761c6f85
0x000000daa1afbad0:   000000000000000b 000000daa1afbc10
0x000000daa1afbae0:   000000daa1afbb90 0000020c965c502d
0x000000daa1afbaf0:   00000000b35e049f 0000020c9b0dc9a8
0x000000daa1afbb00:   000000000000000b 00000000761a700c
0x000000daa1afbb10:   000000000000000b 0000020c99c16000
0x000000daa1afbb20:   0000020c99c16000 0000000076350000
0x000000daa1afbb30:   0000020c999c14e0 000000007635c74a
0x000000daa1afbb40:   0000000000000078 0000020c9b0dc9a8
0x000000daa1afbb50:   0000020cffb80b00 000000e400000001
0x000000daa1afbb60:   0000020c0000e000 0000020c965c4d00
0x000000daa1afbb70:   0000020c965c5c40 0000020c965c5038
0x000000daa1afbb80:   000000daa1afc660 0000000000000f00 

Instructions: (pc=0x00000000761c6be2)
0x00000000761c6bc2:   48 63 da 33 ff 48 8b 1c d8 45 8b f1 4d 8b f8 4c
0x00000000761c6bd2:   8b e9 48 85 db 74 4a 8b 6c 24 60 0f 1f 00 ff c7
0x00000000761c6be2:   39 2b 75 16 48 8b 73 10 45 8b c6 49 8b d7 48 8b
0x00000000761c6bf2:   ce e8 d8 56 0c 00 84 c0 75 48 48 8b 5b 08 48 83 


Register to memory mapping:

RAX=0x0000020cfc3ae580 is an unknown value
RBX=0x0000000000000080 is an unknown value
RCX=0x0000020cfc3a5390 is an unknown value
RDX=0x0000000000002350 is an unknown value
RSP=0x000000daa1afba90 is pointing into the stack for thread: 0x0000020c99c16000
RBP=0x00000000b35e049f is an unknown value
RSI=0x000000daa1afbb90 is pointing into the stack for thread: 0x0000020c99c16000
RDI=0x0000000000000007 is an unknown value
R8 =0x0000020c965c502d is an unknown value
R9 =0x000000000000000b is an unknown value
R10=0x81010100fefefef8 is an unknown value
R11=0x0000020c999c1518 is an unknown value
R12=0x000000000000007b is an unknown value
R13=0x0000020cfc3a5390 is an unknown value
R14=0x000000000000000b is an unknown value
R15=0x0000020c965c502d is an unknown value


Stack: [0x000000daa1a00000,0x000000daa1b00000],  sp=0x000000daa1afba90,  free space=1006k
Native frames: (J=compiled Java code, j=interpreted, Vv=VM code, C=native code)
V  [jvm.dll+0x56be2]
V  [jvm.dll+0x56f85]
V  [jvm.dll+0x3700c]
V  [jvm.dll+0x3526f]
V  [jvm.dll+0x31b58]
V  [jvm.dll+0x5ce22]
V  [jvm.dll+0x15920e]
V  [jvm.dll+0x15feab]
C  [java.dll+0x1a28]
C  0x0000020c802a123c

Java frames: (J=compiled Java code, j=interpreted, Vv=VM code)
J 971  java.lang.ClassLoader.defineClass1(Ljava/lang/String;[BIILjava/security/ProtectionDomain;Ljava/lang/String;)Ljava/lang/Class; (0 bytes) @ 0x0000020c802a119f [0x0000020c802a1100+0x9f]
J 804 C1 java.lang.ClassLoader.defineClass(Ljava/lang/String;[BIILjava/security/ProtectionDomain;)Ljava/lang/Class; (43 bytes) @ 0x0000020c8025df6c [0x0000020c8025de60+0x10c]
J 808 C1 java.net.URLClassLoader.defineClass(Ljava/lang/String;Lsun/misc/Resource;)Ljava/lang/Class; (142 bytes) @ 0x0000020c8026167c [0x0000020c80260c80+0x9fc]
J 679 C1 java.net.URLClassLoader$1.run()Ljava/lang/Class; (63 bytes) @ 0x0000020c8022634c [0x0000020c80226280+0xcc]
J 678 C1 java.net.URLClassLoader$1.run()Ljava/lang/Object; (5 bytes) @ 0x0000020c80225f54 [0x0000020c80225f20+0x34]
v  ~StubRoutines::call_stub
J 605  java.security.AccessController.doPrivileged(Ljava/security/PrivilegedExceptionAction;Ljava/security/AccessControlContext;)Ljava/lang/Object; (0 bytes) @ 0x0000020c801fbaa6 [0x0000020c801fba40+0x66]
J 676 C1 java.net.URLClassLoader.findClass(Ljava/lang/String;)Ljava/lang/Class; (47 bytes) @ 0x0000020c80225704 [0x0000020c80225640+0xc4]
J 627 C1 java.lang.ClassLoader.loadClass(Ljava/lang/String;Z)Ljava/lang/Class; (122 bytes) @ 0x0000020c80209f04 [0x0000020c80209be0+0x324]
J 663 C1 sun.misc.Launcher$AppClassLoader.loadClass(Ljava/lang/String;Z)Ljava/lang/Class; (85 bytes) @ 0x0000020c802200d4 [0x0000020c8021fde0+0x2f4]
J 655 C1 java.lang.ClassLoader.loadClass(Ljava/lang/String;)Ljava/lang/Class; (7 bytes) @ 0x0000020c80216de4 [0x0000020c80216da0+0x44]
v  ~StubRoutines::call_stub
j  org.apache.catalina.connector.Response.sendAcknowledgement(Lorg/apache/coyote/ContinueResponseTiming;)V+20
j  org.apache.catalina.core.StandardContextValve.invoke(Lorg/apache/catalina/connector/Request;Lorg/apache/catalina/connector/Response;)V+84
j  org.apache.catalina.authenticator.AuthenticatorBase.invoke(Lorg/apache/catalina/connector/Request;Lorg/apache/catalina/connector/Response;)V+260
j  org.apache.catalina.core.StandardHostValve.invoke(Lorg/apache/catalina/connector/Request;Lorg/apache/catalina/connector/Response;)V+128
j  org.apache.catalina.valves.ErrorReportValve.invoke(Lorg/apache/catalina/connector/Request;Lorg/apache/catalina/connector/Response;)V+6
j  org.apache.catalina.core.StandardEngineValve.invoke(Lorg/apache/catalina/connector/Request;Lorg/apache/catalina/connector/Response;)V+59
j  org.apache.catalina.connector.CoyoteAdapter.service(Lorg/apache/coyote/Request;Lorg/apache/coyote/Response;)V+199
j  org.apache.coyote.http11.Http11Processor.service(Lorg/apache/tomcat/util/net/SocketWrapperBase;)Lorg/apache/tomcat/util/net/AbstractEndpoint$Handler$SocketState;+737
j  org.apache.coyote.AbstractProcessorLight.process(Lorg/apache/tomcat/util/net/SocketWrapperBase;Lorg/apache/tomcat/util/net/SocketEvent;)Lorg/apache/tomcat/util/net/AbstractEndpoint$Handler$SocketState;+170
j  org.apache.coyote.AbstractProtocol$ConnectionHandler.process(Lorg/apache/tomcat/util/net/SocketWrapperBase;Lorg/apache/tomcat/util/net/SocketEvent;)Lorg/apache/tomcat/util/net/AbstractEndpoint$Handler$SocketState;+505
j  org.apache.tomcat.util.net.NioEndpoint$SocketProcessor.doRun()V+216
j  org.apache.tomcat.util.net.SocketProcessorBase.run()V+21
j  java.util.concurrent.ThreadPoolExecutor.runWorker(Ljava/util/concurrent/ThreadPoolExecutor$Worker;)V+95
j  java.util.concurrent.ThreadPoolExecutor$Worker.run()V+5
j  org.apache.tomcat.util.threads.TaskThread$WrappingRunnable.run()V+4
j  java.lang.Thread.run()V+11
v  ~StubRoutines::call_stub

---------------  P R O C E S S  ---------------

Java Threads: ( => current thread )
  0x0000020c99c12800 JavaThread "DestroyJavaVM" [_thread_blocked, id=6184, stack(0x000000da9f300000,0x000000da9f400000)]
  0x0000020c99c18000 JavaThread "http-nio-8012-Acceptor" daemon [_thread_in_native, id=10000, stack(0x000000daa1c00000,0x000000daa1d00000)]
  0x0000020c99c14800 JavaThread "http-nio-8012-Poller" daemon [_thread_in_native, id=9096, stack(0x000000daa1b00000,0x000000daa1c00000)]
=>0x0000020c99c16000 JavaThread "http-nio-8012-exec-10" daemon [_thread_in_vm, id=10580, stack(0x000000daa1a00000,0x000000daa1b00000)]
  0x0000020c99c15800 JavaThread "http-nio-8012-exec-9" daemon [_thread_blocked, id=8128, stack(0x000000daa1900000,0x000000daa1a00000)]
  0x0000020c99c17000 JavaThread "http-nio-8012-exec-8" daemon [_thread_blocked, id=2644, stack(0x000000daa1800000,0x000000daa1900000)]
  0x0000020c99c18800 JavaThread "http-nio-8012-exec-7" daemon [_thread_blocked, id=5000, stack(0x000000daa1700000,0x000000daa1800000)]
  0x0000020c98274800 JavaThread "http-nio-8012-exec-6" daemon [_thread_blocked, id=1396, stack(0x000000daa1600000,0x000000daa1700000)]
  0x0000020c98273000 JavaThread "http-nio-8012-exec-5" daemon [_thread_blocked, id=1012, stack(0x000000daa1500000,0x000000daa1600000)]
  0x0000020c98271800 JavaThread "http-nio-8012-exec-4" daemon [_thread_blocked, id=4508, stack(0x000000daa1400000,0x000000daa1500000)]
  0x0000020c98270800 JavaThread "http-nio-8012-exec-3" daemon [_thread_blocked, id=9724, stack(0x000000daa1300000,0x000000daa1400000)]
  0x0000020c98272000 JavaThread "http-nio-8012-exec-2" daemon [_thread_blocked, id=1160, stack(0x000000daa1200000,0x000000daa1300000)]
  0x0000020c9826d800 JavaThread "http-nio-8012-exec-1" daemon [_thread_blocked, id=10804, stack(0x000000daa1000000,0x000000daa1100000)]
  0x0000020c9826f800 JavaThread "Live Reload Server" daemon [_thread_in_native, id=10080, stack(0x000000daa1100000,0x000000daa1200000)]
  0x0000020c9826f000 JavaThread "File Watcher" daemon [_thread_blocked, id=5092, stack(0x000000daa0e00000,0x000000daa0f00000)]
  0x0000020c98273800 JavaThread "RMI TCP Connection(idle)" daemon [_thread_blocked, id=10704, stack(0x000000daa0f00000,0x000000daa1000000)]
  0x0000020c9826e000 JavaThread "HikariPool-1 housekeeper" daemon [_thread_blocked, id=11208, stack(0x000000daa0d00000,0x000000daa0e00000)]
  0x0000020c98014000 JavaThread "mysql-cj-abandoned-connection-cleanup" daemon [_thread_blocked, id=5616, stack(0x000000daa0b00000,0x000000daa0c00000)]
  0x0000020c97ff9000 JavaThread "container-0" [_thread_blocked, id=9840, stack(0x000000daa0a00000,0x000000daa0b00000)]
  0x0000020c97ff8800 JavaThread "Catalina-utility-2" [_thread_blocked, id=6096, stack(0x000000daa0900000,0x000000daa0a00000)]
  0x0000020c97f73800 JavaThread "Catalina-utility-1" [_thread_blocked, id=5292, stack(0x000000daa0800000,0x000000daa0900000)]
  0x0000020c96705000 JavaThread "RMI Scheduler(0)" daemon [_thread_blocked, id=6988, stack(0x000000daa0500000,0x000000daa0600000)]
  0x0000020c96657800 JavaThread "RMI TCP Connection(idle)" daemon [_thread_blocked, id=6740, stack(0x000000daa0400000,0x000000daa0500000)]
  0x0000020c963fc800 JavaThread "RMI TCP Accept-0" daemon [_thread_in_native, id=9768, stack(0x000000daa0200000,0x000000daa0300000)]
  0x0000020c9617e800 JavaThread "Service Thread" daemon [_thread_blocked, id=1788, stack(0x000000daa0100000,0x000000daa0200000)]
  0x0000020c9610e800 JavaThread "C1 CompilerThread2" daemon [_thread_blocked, id=7156, stack(0x000000daa0000000,0x000000daa0100000)]
  0x0000020c96119000 JavaThread "C2 CompilerThread1" daemon [_thread_blocked, id=3024, stack(0x000000da9ff00000,0x000000daa0000000)]
  0x0000020c9610b800 JavaThread "C2 CompilerThread0" daemon [_thread_blocked, id=7272, stack(0x000000da9fe00000,0x000000da9ff00000)]
  0x0000020c96106800 JavaThread "Monitor Ctrl-Break" daemon [_thread_in_native, id=3152, stack(0x000000da9fd00000,0x000000da9fe00000)]
  0x0000020cffb87000 JavaThread "Attach Listener" daemon [_thread_blocked, id=10676, stack(0x000000da9fc00000,0x000000da9fd00000)]
  0x0000020cffb85800 JavaThread "Signal Dispatcher" daemon [_thread_blocked, id=10672, stack(0x000000da9fb00000,0x000000da9fc00000)]
  0x0000020cffb5a800 JavaThread "Finalizer" daemon [_thread_blocked, id=5428, stack(0x000000da9fa00000,0x000000da9fb00000)]
  0x0000020cffb55000 JavaThread "Reference Handler" daemon [_thread_blocked, id=5944, stack(0x000000da9f900000,0x000000da9fa00000)]

Other Threads:
  0x0000020cffb24800 VMThread [stack: 0x000000da9f800000,0x000000da9f900000] [id=10484]
  0x0000020c96402800 WatcherThread [stack: 0x000000daa0300000,0x000000daa0400000] [id=11260]

VM state:not at safepoint (normal execution)

VM Mutex/Monitor currently owned by a thread: None

heap address: 0x0000000701a00000, size: 3046 MB, Compressed Oops mode: Zero based, Oop shift amount: 3
Narrow klass base: 0x0000000000000000, Narrow klass shift: 3
Compressed class space size: 1073741824 Address: 0x00000007c0000000

Heap:
 PSYoungGen      total 205312K, used 190038K [0x0000000780900000, 0x0000000794500000, 0x00000007c0000000)
  eden space 194560K, 97% used [0x0000000780900000,0x000000078c295b30,0x000000078c700000)
  from space 10752K, 0% used [0x000000078c700000,0x000000078c700000,0x000000078d180000)
  to   space 13312K, 0% used [0x0000000793800000,0x0000000793800000,0x0000000794500000)
 ParOldGen       total 109568K, used 18698K [0x0000000701a00000, 0x0000000708500000, 0x0000000780900000)
  object space 109568K, 17% used [0x0000000701a00000,0x0000000702c42b78,0x0000000708500000)
 Metaspace       used 47812K, capacity 51064K, committed 51456K, reserved 1093632K
  class space    used 6720K, capacity 7300K, committed 7424K, reserved 1048576K

Card table byte_map: [0x0000020cfe140000,0x0000020cfe740000] byte_map_base: 0x0000020cfa933000

Marking Bits: (ParMarkBitMap*) 0x000000007695f7f0
 Begin Bits: [0x0000020c8f000000, 0x0000020c91f98000)
 End Bits:   [0x0000020c91f98000, 0x0000020c94f30000)

Polling page: 0x0000020cfdd50000

CodeCache: size=245760Kb used=7590Kb max_used=7590Kb free=238169Kb
 bounds [0x0000020c80000000, 0x0000020c80770000, 0x0000020c8f000000]
 total_blobs=4335 nmethods=3808 adapters=438
 compilation: enabled

Compilation events (10 events):
Event: 57.435 Thread 0x0000020c9610e800 3843   !   1       org.apache.tomcat.util.http.parser.HttpParser::isControl (9 bytes)
Event: 57.435 Thread 0x0000020c9610e800 nmethod 3843 0x0000020c80190750 code [0x0000020c801908a0, 0x0000020c801909f8]
Event: 57.451 Thread 0x0000020c9610e800 3844       1       java.util.Calendar::getFirstDayOfWeek (5 bytes)
Event: 57.451 Thread 0x0000020c9610e800 nmethod 3844 0x0000020c80190250 code [0x0000020c801903a0, 0x0000020c801904b8]
Event: 57.451 Thread 0x0000020c9610e800 3845       1       java.util.Calendar::getMinimalDaysInFirstWeek (5 bytes)
Event: 57.451 Thread 0x0000020c9610e800 nmethod 3845 0x0000020c8018ff90 code [0x0000020c801900e0, 0x0000020c801901f8]
Event: 57.496 Thread 0x0000020c9610e800 3846       1       sun.net.www.protocol.jar.JarURLConnection::getJarFile (9 bytes)
Event: 57.496 Thread 0x0000020c9610e800 nmethod 3846 0x0000020c8018fc50 code [0x0000020c8018fda0, 0x0000020c8018fef0]
Event: 57.496 Thread 0x0000020c9610e800 3847 %     1       java.util.Properties$LineReader::readLine @ 21 (468 bytes)
Event: 57.498 Thread 0x0000020c9610e800 nmethod 3847% 0x0000020c80202890 code [0x0000020c80202a80, 0x0000020c802035f0]

GC Heap History (10 events):
Event: 8.692 GC heap before
{Heap before GC invocations=5 (full 0):
 PSYoungGen      total 106496K, used 51110K [0x0000000780900000, 0x0000000787900000, 0x00000007c0000000)
  eden space 98304K, 43% used [0x0000000780900000,0x00000007832ee810,0x0000000786900000)
  from space 8192K, 99% used [0x0000000787100000,0x00000007878fb348,0x0000000787900000)
  to   space 8192K, 0% used [0x0000000786900000,0x0000000786900000,0x0000000787100000)
 ParOldGen       total 131072K, used 434K [0x0000000701a00000, 0x0000000709a00000, 0x0000000780900000)
  object space 131072K, 0% used [0x0000000701a00000,0x0000000701a6c8a8,0x0000000709a00000)
 Metaspace       used 20240K, capacity 21232K, committed 21296K, reserved 1067008K
  class space    used 2659K, capacity 2899K, committed 2944K, reserved 1048576K
Event: 8.703 GC heap after
Heap after GC invocations=5 (full 0):
 PSYoungGen      total 106496K, used 7764K [0x0000000780900000, 0x000000078dd00000, 0x00000007c0000000)
  eden space 98304K, 0% used [0x0000000780900000,0x0000000780900000,0x0000000786900000)
  from space 8192K, 94% used [0x0000000786900000,0x00000007870952a8,0x0000000787100000)
  to   space 10240K, 0% used [0x000000078d300000,0x000000078d300000,0x000000078dd00000)
 ParOldGen       total 131072K, used 442K [0x0000000701a00000, 0x0000000709a00000, 0x0000000780900000)
  object space 131072K, 0% used [0x0000000701a00000,0x0000000701a6e8a8,0x0000000709a00000)
 Metaspace       used 20240K, capacity 21232K, committed 21296K, reserved 1067008K
  class space    used 2659K, capacity 2899K, committed 2944K, reserved 1048576K
}
Event: 8.703 GC heap before
{Heap before GC invocations=6 (full 1):
 PSYoungGen      total 106496K, used 7764K [0x0000000780900000, 0x000000078dd00000, 0x00000007c0000000)
  eden space 98304K, 0% used [0x0000000780900000,0x0000000780900000,0x0000000786900000)
  from space 8192K, 94% used [0x0000000786900000,0x00000007870952a8,0x0000000787100000)
  to   space 10240K, 0% used [0x000000078d300000,0x000000078d300000,0x000000078dd00000)
 ParOldGen       total 131072K, used 442K [0x0000000701a00000, 0x0000000709a00000, 0x0000000780900000)
  object space 131072K, 0% used [0x0000000701a00000,0x0000000701a6e8a8,0x0000000709a00000)
 Metaspace       used 20240K, capacity 21232K, committed 21296K, reserved 1067008K
  class space    used 2659K, capacity 2899K, committed 2944K, reserved 1048576K
Event: 8.759 GC heap after
Heap after GC invocations=6 (full 1):
 PSYoungGen      total 106496K, used 0K [0x0000000780900000, 0x000000078dd00000, 0x00000007c0000000)
  eden space 98304K, 0% used [0x0000000780900000,0x0000000780900000,0x0000000786900000)
  from space 8192K, 0% used [0x0000000786900000,0x0000000786900000,0x0000000787100000)
  to   space 10240K, 0% used [0x000000078d300000,0x000000078d300000,0x000000078dd00000)
 ParOldGen       total 68608K, used 7617K [0x0000000701a00000, 0x0000000705d00000, 0x0000000780900000)
  object space 68608K, 11% used [0x0000000701a00000,0x00000007021706a0,0x0000000705d00000)
 Metaspace       used 20240K, capacity 21232K, committed 21296K, reserved 1067008K
  class space    used 2659K, capacity 2899K, committed 2944K, reserved 1048576K
}
Event: 10.741 GC heap before
{Heap before GC invocations=7 (full 1):
 PSYoungGen      total 106496K, used 98304K [0x0000000780900000, 0x000000078dd00000, 0x00000007c0000000)
  eden space 98304K, 100% used [0x0000000780900000,0x0000000786900000,0x0000000786900000)
  from space 8192K, 0% used [0x0000000786900000,0x0000000786900000,0x0000000787100000)
  to   space 10240K, 0% used [0x000000078d300000,0x000000078d300000,0x000000078dd00000)
 ParOldGen       total 68608K, used 7617K [0x0000000701a00000, 0x0000000705d00000, 0x0000000780900000)
  object space 68608K, 11% used [0x0000000701a00000,0x00000007021706a0,0x0000000705d00000)
 Metaspace       used 25436K, capacity 27376K, committed 27520K, reserved 1073152K
  class space    used 3528K, capacity 3902K, committed 3968K, reserved 1048576K
Event: 10.760 GC heap after
Heap after GC invocations=7 (full 1):
 PSYoungGen      total 181248K, used 9086K [0x0000000780900000, 0x000000078dc00000, 0x00000007c0000000)
  eden space 172032K, 0% used [0x0000000780900000,0x0000000780900000,0x000000078b100000)
  from space 9216K, 98% used [0x000000078d300000,0x000000078dbdf9a0,0x000000078dc00000)
  to   space 10752K, 0% used [0x000000078c700000,0x000000078c700000,0x000000078d180000)
 ParOldGen       total 68608K, used 7625K [0x0000000701a00000, 0x0000000705d00000, 0x0000000780900000)
  object space 68608K, 11% used [0x0000000701a00000,0x00000007021726a0,0x0000000705d00000)
 Metaspace       used 25436K, capacity 27376K, committed 27520K, reserved 1073152K
  class space    used 3528K, capacity 3902K, committed 3968K, reserved 1048576K
}
Event: 12.639 GC heap before
{Heap before GC invocations=8 (full 1):
 PSYoungGen      total 181248K, used 181118K [0x0000000780900000, 0x000000078dc00000, 0x00000007c0000000)
  eden space 172032K, 100% used [0x0000000780900000,0x000000078b100000,0x000000078b100000)
  from space 9216K, 98% used [0x000000078d300000,0x000000078dbdf9a0,0x000000078dc00000)
  to   space 10752K, 0% used [0x000000078c700000,0x000000078c700000,0x000000078d180000)
 ParOldGen       total 68608K, used 7625K [0x0000000701a00000, 0x0000000705d00000, 0x0000000780900000)
  object space 68608K, 11% used [0x0000000701a00000,0x00000007021726a0,0x0000000705d00000)
 Metaspace       used 33148K, capacity 35388K, committed 35496K, reserved 1079296K
  class space    used 4650K, capacity 5060K, committed 5120K, reserved 1048576K
Event: 12.661 GC heap after
Heap after GC invocations=8 (full 1):
 PSYoungGen      total 205312K, used 10740K [0x0000000780900000, 0x0000000794500000, 0x00000007c0000000)
  eden space 194560K, 0% used [0x0000000780900000,0x0000000780900000,0x000000078c700000)
  from space 10752K, 99% used [0x000000078c700000,0x000000078d17d090,0x000000078d180000)
  to   space 13312K, 0% used [0x0000000793800000,0x0000000793800000,0x0000000794500000)
 ParOldGen       total 68608K, used 10220K [0x0000000701a00000, 0x0000000705d00000, 0x0000000780900000)
  object space 68608K, 14% used [0x0000000701a00000,0x00000007023fb390,0x0000000705d00000)
 Metaspace       used 33148K, capacity 35388K, committed 35496K, reserved 1079296K
  class space    used 4650K, capacity 5060K, committed 5120K, reserved 1048576K
}
Event: 12.661 GC heap before
{Heap before GC invocations=9 (full 2):
 PSYoungGen      total 205312K, used 10740K [0x0000000780900000, 0x0000000794500000, 0x00000007c0000000)
  eden space 194560K, 0% used [0x0000000780900000,0x0000000780900000,0x000000078c700000)
  from space 10752K, 99% used [0x000000078c700000,0x000000078d17d090,0x000000078d180000)
  to   space 13312K, 0% used [0x0000000793800000,0x0000000793800000,0x0000000794500000)
 ParOldGen       total 68608K, used 10220K [0x0000000701a00000, 0x0000000705d00000, 0x0000000780900000)
  object space 68608K, 14% used [0x0000000701a00000,0x00000007023fb390,0x0000000705d00000)
 Metaspace       used 33148K, capacity 35388K, committed 35496K, reserved 1079296K
  class space    used 4650K, capacity 5060K, committed 5120K, reserved 1048576K
Event: 12.755 GC heap after
Heap after GC invocations=9 (full 2):
 PSYoungGen      total 205312K, used 0K [0x0000000780900000, 0x0000000794500000, 0x00000007c0000000)
  eden space 194560K, 0% used [0x0000000780900000,0x0000000780900000,0x000000078c700000)
  from space 10752K, 0% used [0x000000078c700000,0x000000078c700000,0x000000078d180000)
  to   space 13312K, 0% used [0x0000000793800000,0x0000000793800000,0x0000000794500000)
 ParOldGen       total 109568K, used 18698K [0x0000000701a00000, 0x0000000708500000, 0x0000000780900000)
  object space 109568K, 17% used [0x0000000701a00000,0x0000000702c42b78,0x0000000708500000)
 Metaspace       used 33148K, capacity 35388K, committed 35496K, reserved 1079296K
  class space    used 4650K, capacity 5060K, committed 5120K, reserved 1048576K
}

Deoptimization events (0 events):
No events

Classes redefined (0 events):
No events

Internal exceptions (10 events):
Event: 19.156 Thread 0x0000020c96734800 Exception <a 'java/lang/ArrayIndexOutOfBoundsException'> (0x000000078a1482b8) thrown at [C:\wsjdk\Corretto8Src\installers\windows\zip\corretto-build\buildRoot\src\hotspot\src\share\vm\runtime\sharedRuntime.cpp, line 609]
Event: 19.523 Thread 0x0000020c96734800 Exception <a 'java/lang/ArrayIndexOutOfBoundsException'> (0x000000078abc50a0) thrown at [C:\wsjdk\Corretto8Src\installers\windows\zip\corretto-build\buildRoot\src\hotspot\src\share\vm\runtime\sharedRuntime.cpp, line 609]
Event: 19.524 Thread 0x0000020c96734800 Exception <a 'java/lang/ArrayIndexOutOfBoundsException'> (0x000000078abd34c0) thrown at [C:\wsjdk\Corretto8Src\installers\windows\zip\corretto-build\buildRoot\src\hotspot\src\share\vm\runtime\sharedRuntime.cpp, line 609]
Event: 19.524 Thread 0x0000020c96734800 Exception <a 'java/lang/ArrayIndexOutOfBoundsException'> (0x000000078abd5948) thrown at [C:\wsjdk\Corretto8Src\installers\windows\zip\corretto-build\buildRoot\src\hotspot\src\share\vm\runtime\sharedRuntime.cpp, line 609]
Event: 19.524 Thread 0x0000020c96734800 Exception <a 'java/lang/ArrayIndexOutOfBoundsException'> (0x000000078abd7da8) thrown at [C:\wsjdk\Corretto8Src\installers\windows\zip\corretto-build\buildRoot\src\hotspot\src\share\vm\runtime\sharedRuntime.cpp, line 609]
Event: 19.524 Thread 0x0000020c96734800 Exception <a 'java/lang/ArrayIndexOutOfBoundsException'> (0x000000078abd9670) thrown at [C:\wsjdk\Corretto8Src\installers\windows\zip\corretto-build\buildRoot\src\hotspot\src\share\vm\runtime\sharedRuntime.cpp, line 609]
Event: 19.524 Thread 0x0000020c96734800 Exception <a 'java/lang/ArrayIndexOutOfBoundsException'> (0x000000078abdc038) thrown at [C:\wsjdk\Corretto8Src\installers\windows\zip\corretto-build\buildRoot\src\hotspot\src\share\vm\runtime\sharedRuntime.cpp, line 609]
Event: 19.639 Thread 0x0000020c96734800 Exception <a 'java/lang/ArrayIndexOutOfBoundsException'> (0x000000078ac5bd80) thrown at [C:\wsjdk\Corretto8Src\installers\windows\zip\corretto-build\buildRoot\src\hotspot\src\share\vm\runtime\sharedRuntime.cpp, line 609]
Event: 19.639 Thread 0x0000020c96734800 Exception <a 'java/lang/ArrayIndexOutOfBoundsException'> (0x000000078ac5e420) thrown at [C:\wsjdk\Corretto8Src\installers\windows\zip\corretto-build\buildRoot\src\hotspot\src\share\vm\runtime\sharedRuntime.cpp, line 609]
Event: 19.732 Thread 0x0000020c96734800 Exception <a 'java/lang/ArrayIndexOutOfBoundsException'> (0x000000078ac7ab68) thrown at [C:\wsjdk\Corretto8Src\installers\windows\zip\corretto-build\buildRoot\src\hotspot\src\share\vm\runtime\sharedRuntime.cpp, line 609]

Events (10 events):
Event: 57.493 loading class javax/security/auth/message/config/AuthConfigFactory
Event: 57.493 loading class javax/security/auth/message/config/AuthConfigFactory done
Event: 57.493 loading class org/apache/catalina/authenticator/jaspic/AuthConfigFactoryImpl
Event: 57.493 loading class org/apache/catalina/authenticator/jaspic/AuthConfigFactoryImpl done
Event: 57.495 loading class org/apache/catalina/authenticator/jaspic/LocalStrings
Event: 57.495 loading class org/apache/catalina/authenticator/jaspic/LocalStrings done
Event: 57.496 Thread 0x0000020c9610e800 flushing nmethod 0x0000020c802aba10
Event: 57.496 Thread 0x0000020c9610e800 flushing nmethod 0x0000020c802b3250
Event: 57.497 loading class org/apache/coyote/ActionCode
Event: 57.497 loading class org/apache/coyote/ActionCode done


Dynamic libraries:
0x00007ff60eaf0000 - 0x00007ff60eb2a000 	C:\Users\ADMIN\.jdks\corretto-1.8.0_292\bin\java.exe
0x00007ff938f90000 - 0x00007ff939185000 	C:\WINDOWS\SYSTEM32\ntdll.dll
0x00007ff937400000 - 0x00007ff9374bd000 	C:\WINDOWS\System32\KERNEL32.DLL
0x00007ff936980000 - 0x00007ff936c49000 	C:\WINDOWS\System32\KERNELBASE.dll
0x00007ff9386d0000 - 0x00007ff93877c000 	C:\WINDOWS\System32\ADVAPI32.dll
0x00007ff938eb0000 - 0x00007ff938f4e000 	C:\WINDOWS\System32\msvcrt.dll
0x00007ff938cb0000 - 0x00007ff938d4b000 	C:\WINDOWS\System32\sechost.dll
0x00007ff937b90000 - 0x00007ff937cba000 	C:\WINDOWS\System32\RPCRT4.dll
0x00007ff9371b0000 - 0x00007ff937350000 	C:\WINDOWS\System32\USER32.dll
0x00007ff936db0000 - 0x00007ff936dd2000 	C:\WINDOWS\System32\win32u.dll
0x00007ff938d50000 - 0x00007ff938d7a000 	C:\WINDOWS\System32\GDI32.dll
0x00007ff936e40000 - 0x00007ff936f4b000 	C:\WINDOWS\System32\gdi32full.dll
0x00007ff936d10000 - 0x00007ff936dad000 	C:\WINDOWS\System32\msvcp_win.dll
0x00007ff936720000 - 0x00007ff936820000 	C:\WINDOWS\System32\ucrtbase.dll
0x00007ff924230000 - 0x00007ff9244ca000 	C:\WINDOWS\WinSxS\amd64_microsoft.windows.common-controls_6595b64144ccf1df_6.0.19041.1110_none_60b5254171f9507e\COMCTL32.dll
0x00007ff938c00000 - 0x00007ff938c30000 	C:\WINDOWS\System32\IMM32.DLL
0x00007ff8f6990000 - 0x00007ff8f6a7f000 	C:\Users\ADMIN\.jdks\corretto-1.8.0_292\jre\bin\msvcr120.dll
0x00007ff8f67d0000 - 0x00007ff8f6876000 	C:\Users\ADMIN\.jdks\corretto-1.8.0_292\jre\bin\msvcp120.dll
0x0000000076170000 - 0x00000000769de000 	C:\Users\ADMIN\.jdks\corretto-1.8.0_292\jre\bin\server\jvm.dll
0x00007ff938780000 - 0x00007ff938788000 	C:\WINDOWS\System32\PSAPI.DLL
0x00007ff92ec60000 - 0x00007ff92ec69000 	C:\WINDOWS\SYSTEM32\WSOCK32.dll
0x00007ff937da0000 - 0x00007ff937e0b000 	C:\WINDOWS\System32\WS2_32.dll
0x00007ff926840000 - 0x00007ff926867000 	C:\WINDOWS\SYSTEM32\WINMM.dll
0x00007ff92cef0000 - 0x00007ff92cefa000 	C:\WINDOWS\SYSTEM32\VERSION.dll
0x00007ff8f7a10000 - 0x00007ff8f7a1f000 	C:\Users\ADMIN\.jdks\corretto-1.8.0_292\jre\bin\verify.dll
0x00007ff8f6960000 - 0x00007ff8f6989000 	C:\Users\ADMIN\.jdks\corretto-1.8.0_292\jre\bin\java.dll
0x00007ff8e71c0000 - 0x00007ff8e71ea000 	C:\Users\ADMIN\.jdks\corretto-1.8.0_292\jre\bin\instrument.dll
0x00007ff8f6c00000 - 0x00007ff8f6c16000 	C:\Users\ADMIN\.jdks\corretto-1.8.0_292\jre\bin\zip.dll
0x00007ff937e70000 - 0x00007ff9385af000 	C:\WINDOWS\System32\SHELL32.dll
0x00007ff934800000 - 0x00007ff934f91000 	C:\WINDOWS\SYSTEM32\windows.storage.dll
0x00007ff937720000 - 0x00007ff937a75000 	C:\WINDOWS\System32\combase.dll
0x00007ff936140000 - 0x00007ff93616c000 	C:\WINDOWS\SYSTEM32\Wldp.dll
0x00007ff937350000 - 0x00007ff9373fe000 	C:\WINDOWS\System32\SHCORE.dll
0x00007ff938c50000 - 0x00007ff938ca5000 	C:\WINDOWS\System32\shlwapi.dll
0x00007ff936610000 - 0x00007ff93662f000 	C:\WINDOWS\SYSTEM32\profapi.dll
0x00007ff8e71a0000 - 0x00007ff8e71ba000 	C:\Program Files\JetBrains\IntelliJ IDEA 2021.1\bin\breakgen64.dll
0x00007ff8f67b0000 - 0x00007ff8f67ca000 	C:\Users\ADMIN\.jdks\corretto-1.8.0_292\jre\bin\net.dll
0x00007ff935ea0000 - 0x00007ff935f0a000 	C:\WINDOWS\system32\mswsock.dll
0x00007ff935b80000 - 0x00007ff935c4c000 	C:\WINDOWS\SYSTEM32\DNSAPI.dll
0x00007ff935b40000 - 0x00007ff935b7b000 	C:\WINDOWS\SYSTEM32\IPHLPAPI.DLL
0x00007ff938ea0000 - 0x00007ff938ea8000 	C:\WINDOWS\System32\NSI.dll
0x00007ff92df50000 - 0x00007ff92df5a000 	C:\Windows\System32\rasadhlp.dll
0x00007ff923a70000 - 0x00007ff923aef000 	C:\WINDOWS\System32\fwpuclnt.dll
0x00007ff936c50000 - 0x00007ff936c77000 	C:\WINDOWS\System32\bcrypt.dll
0x00007ff8f7630000 - 0x00007ff8f763d000 	C:\Users\ADMIN\.jdks\corretto-1.8.0_292\jre\bin\management.dll
0x00007ff8e71f0000 - 0x00007ff8e7202000 	C:\Users\ADMIN\.jdks\corretto-1.8.0_292\jre\bin\nio.dll
0x00007ff936080000 - 0x00007ff936098000 	C:\WINDOWS\SYSTEM32\CRYPTSP.dll
0x00007ff9357d0000 - 0x00007ff935804000 	C:\WINDOWS\system32\rsaenh.dll
0x00007ff936590000 - 0x00007ff9365be000 	C:\WINDOWS\SYSTEM32\USERENV.dll
0x00007ff936c80000 - 0x00007ff936d03000 	C:\WINDOWS\System32\bcryptprimitives.dll
0x00007ff9360a0000 - 0x00007ff9360ac000 	C:\WINDOWS\SYSTEM32\CRYPTBASE.dll
0x00007ff92da10000 - 0x00007ff92da27000 	C:\WINDOWS\SYSTEM32\dhcpcsvc6.DLL
0x00007ff92de30000 - 0x00007ff92de4d000 	C:\WINDOWS\SYSTEM32\dhcpcsvc.DLL
0x00007ff915fa0000 - 0x00007ff915fb7000 	C:\WINDOWS\system32\napinsp.dll
0x00007ff914ae0000 - 0x00007ff914afb000 	C:\WINDOWS\system32\pnrpnsp.dll
0x00007ff931390000 - 0x00007ff9313a5000 	C:\WINDOWS\system32\wshbth.dll
0x00007ff92f9f0000 - 0x00007ff92fa0d000 	C:\WINDOWS\system32\NLAapi.dll
0x00007ff9144b0000 - 0x00007ff9144c2000 	C:\WINDOWS\System32\winrnr.dll
0x00007ff927780000 - 0x00007ff927964000 	C:\WINDOWS\SYSTEM32\dbghelp.dll

VM Arguments:
jvm_args: -XX:TieredStopAtLevel=1 -Xverify:none -Dspring.output.ansi.enabled=always -javaagent:C:\Program Files\JetBrains\IntelliJ IDEA 2021.1\lib\idea_rt.jar=65223:C:\Program Files\JetBrains\IntelliJ IDEA 2021.1\bin -Dcom.sun.management.jmxremote -Dspring.jmx.enabled=true -Dspring.liveBeansView.mbeanDomain -Dspring.application.admin.enabled=true -Dfile.encoding=UTF-8 
java_command: com.example.examcsw.ExamCswApplication
java_class_path (initial): C:\Users\ADMIN\.jdks\corretto-1.8.0_292\jre\lib\charsets.jar;C:\Users\ADMIN\.jdks\corretto-1.8.0_292\jre\lib\ext\access-bridge-64.jar;C:\Users\ADMIN\.jdks\corretto-1.8.0_292\jre\lib\ext\cldrdata.jar;C:\Users\ADMIN\.jdks\corretto-1.8.0_292\jre\lib\ext\dnsns.jar;C:\Users\ADMIN\.jdks\corretto-1.8.0_292\jre\lib\ext\jaccess.jar;C:\Users\ADMIN\.jdks\corretto-1.8.0_292\jre\lib\ext\jfxrt.jar;C:\Users\ADMIN\.jdks\corretto-1.8.0_292\jre\lib\ext\localedata.jar;C:\Users\ADMIN\.jdks\corretto-1.8.0_292\jre\lib\ext\nashorn.jar;C:\Users\ADMIN\.jdks\corretto-1.8.0_292\jre\lib\ext\sunec.jar;C:\Users\ADMIN\.jdks\corretto-1.8.0_292\jre\lib\ext\sunjce_provider.jar;C:\Users\ADMIN\.jdks\corretto-1.8.0_292\jre\lib\ext\sunmscapi.jar;C:\Users\ADMIN\.jdks\corretto-1.8.0_292\jre\lib\ext\sunpkcs11.jar;C:\Users\ADMIN\.jdks\corretto-1.8.0_292\jre\lib\ext\zipfs.jar;C:\Users\ADMIN\.jdks\corretto-1.8.0_292\jre\lib\jce.jar;C:\Users\ADMIN\.jdks\corretto-1.8.0_292\jre\lib\jfr.jar;C:\Users\ADMIN\.jdks\corretto-1.8.0_292\jre\lib\jfxswt.jar;C:\Users\ADMIN\.jdks\corretto-1.8.0_292\jre\lib\jsse.jar;C:\Users\ADMIN\.jdks\corretto-1.8.0_292\jre\lib\management-agent.jar;C:\Users\ADMIN\.jdks\corretto-1.8.0_292\jre\lib\resources.jar;C:\Users\ADMIN\.jdks\corretto-1.8.0_292\jre\lib\rt.jar;C:\Users\ADMIN\IdeaProjects\exam-csw\target\classes;C:\Users\ADMIN\.m2\repository\org\springframework\boot\spring-boot-starter-data-jpa\2.5.2\spring-boot-starter-data-jpa-2.5.2.jar;C:\Users\ADMIN\.m2\repository\org\springframework\boot\spring-boot-starter-aop\2.5.2\spring-boot-starter-aop-2.5.2.jar;C:\Users\ADMIN\.m2\repository\org\springframework\spring-aop\5.3.8\spring-aop-5.3.8.jar;C:\Users\ADMIN\.m2\repository\org\aspectj\aspectjweaver\1.9.6\aspectjweaver-1.9.6.jar;C:\Users\ADMIN\.m2\repository\org\springframework\boot\spring-boot-starter-jdbc\2.5.2\spring-boot-starter-jdbc-2.5.2.jar;C:\Users\ADMIN\.m2\repository\com\zaxxer\HikariCP\4.0.3\HikariCP-4.0.3.jar;C:\Users\ADMIN\.m2\repository\org\springf
Launcher Type: SUN_STANDARD

Environment Variables:
PATH=C:\WINDOWS\system32;C:\WINDOWS;C:\WINDOWS\System32\Wbem;C:\WINDOWS\System32\WindowsPowerShell\v1.0\;C:\WINDOWS\System32\OpenSSH\;C:\Program Files\Microsoft SQL Server\130\Tools\Binn\;C:\Program Files\dotnet\;C:\Program Files\Microsoft SQL Server\Client SDK\ODBC\170\Tools\Binn\;C:\Program Files\nodejs\;C:\Program Files\Git\cmd;C:\Users\ADMIN\AppData\Local\Microsoft\WindowsApps;C:\Users\ADMIN\.dotnet\tools;C:\Users\ADMIN\AppData\Roaming\npm;
USERNAME=ADMIN
OS=Windows_NT
PROCESSOR_IDENTIFIER=Intel64 Family 6 Model 78 Stepping 3, GenuineIntel



---------------  S Y S T E M  ---------------

OS: Windows 10.0 , 64 bit Build 19041 (10.0.19041.1023)

CPU:total 4 (initial active 4) (2 cores per cpu, 2 threads per core) family 6 model 78 stepping 3, cmov, cx8, fxsr, mmx, sse, sse2, sse3, ssse3, sse4.1, sse4.2, popcnt, avx, avx2, aes, clmul, erms, 3dnowpref, lzcnt, ht, tsc, tscinvbit, bmi1, bmi2, adx

Memory: 4k page, physical 12472216k(4794564k free), swap 25055128k(16158124k free)

vm_info: OpenJDK 64-Bit Server VM (25.292-b10) for windows-amd64 JRE (1.8.0_292-b10), built on Apr 14 2021 23:06:53 by "Administrator" with MS VC++ 12.0 (VS2013)

time: Fri Jul 16 21:02:56 2021
timezone: SE Asia Standard Time
elapsed time: 57.576118 seconds (0d 0h 0m 57s)

